0 verbose cli C:\Program Files (x86)\nodejs\node.exe C:\Program Files (x86)\nodejs\node_modules\npm\bin\npm-cli.js
1 info using npm@10.1.0
2 info using node@v20.9.0
3 timing npm:load:whichnode Completed in 3ms
4 timing config:load:defaults Completed in 2ms
5 timing config:load:file:C:\Program Files (x86)\nodejs\node_modules\npm\npmrc Completed in 8ms
6 timing config:load:builtin Completed in 8ms
7 timing config:load:cli Completed in 2ms
8 timing config:load:env Completed in 1ms
9 timing config:load:project Completed in 11ms
10 timing config:load:file:C:\Users\hokuy\.npmrc Completed in 0ms
11 timing config:load:user Completed in 1ms
12 timing config:load:file:C:\Users\hokuy\AppData\Roaming\npm\etc\npmrc Completed in 7ms
13 timing config:load:global Completed in 7ms
14 timing config:load:setEnvs Completed in 1ms
15 timing config:load Completed in 34ms
16 timing npm:load:configload Completed in 34ms
17 timing config:load:flatten Completed in 3ms
18 timing npm:load:mkdirpcache Completed in 0ms
19 timing npm:load:mkdirplogs Completed in 1ms
20 verbose title npm prefix
21 verbose argv "prefix" "--global"
22 timing npm:load:setTitle Completed in 0ms
23 timing npm:load:display Completed in 1ms
24 verbose logfile logs-max:10 dir:C:\Users\hokuy\Desktop\ToDoApp\my-app\yuking\_logs\2024-03-28T10_54_30_802Z-
25 verbose logfile C:\Users\hokuy\Desktop\ToDoApp\my-app\yuking\_logs\2024-03-28T10_54_30_802Z-debug-0.log
26 timing npm:load:logFile Completed in 11ms
27 timing npm:load:timers Completed in 0ms
28 timing npm:load:configScope Completed in 0ms
29 timing npm:load Completed in 120ms
30 timing command:prefix Completed in 3ms
31 verbose exit 0
32 timing npm Completed in 1354ms
33 info ok
