0 verbose cli C:\Program Files (x86)\nodejs\node.exe C:\Program Files (x86)\nodejs\node_modules\npm\bin\npm-cli.js
1 info using npm@10.1.0
2 info using node@v20.9.0
3 timing npm:load:whichnode Completed in 2ms
4 timing config:load:defaults Completed in 2ms
5 timing config:load:file:C:\Program Files (x86)\nodejs\node_modules\npm\npmrc Completed in 2ms
6 timing config:load:builtin Completed in 2ms
7 timing config:load:cli Completed in 1ms
8 timing config:load:env Completed in 1ms
9 timing config:load:file:C:\Users\hokuy\Desktop\ToDoApp\my-app\.npmrc Completed in 0ms
10 timing config:load:project Completed in 4ms
11 timing config:load:file:C:\Users\hokuy\.npmrc Completed in 0ms
12 timing config:load:user Completed in 0ms
13 timing config:load:file:C:\Users\hokuy\AppData\Roaming\npm\etc\npmrc Completed in 1ms
14 timing config:load:global Completed in 1ms
15 timing config:load:setEnvs Completed in 1ms
16 timing config:load Completed in 14ms
17 timing npm:load:configload Completed in 15ms
18 timing config:load:flatten Completed in 3ms
19 timing npm:load:mkdirpcache Completed in 0ms
20 timing npm:load:mkdirplogs Completed in 0ms
21 verbose title npm start
22 verbose argv "start"
23 timing npm:load:setTitle Completed in 1ms
24 timing npm:load:display Completed in 0ms
25 verbose logfile logs-max:10 dir:C:\Users\hokuy\Desktop\ToDoApp\my-app\yuking\_logs\2024-03-26T10_29_35_387Z-
26 verbose logfile C:\Users\hokuy\Desktop\ToDoApp\my-app\yuking\_logs\2024-03-26T10_29_35_387Z-debug-0.log
27 timing npm:load:logFile Completed in 15ms
28 timing npm:load:timers Completed in 0ms
29 timing npm:load:configScope Completed in 0ms
30 timing npm:load Completed in 76ms
31 silly logfile done cleaning log files
32 http fetch GET 200 https://registry.npmjs.org/npm 402ms (cache miss)
33 http fetch GET 200 https://registry.npmjs.org/npm 438ms (cache miss)
34 timing command:run-script Completed in 175510ms
35 timing command:start Completed in 175525ms
36 notice
36 notice New [33mminor[39m version of npm available! [31m10.1.0[39m -> [32m10.5.0[39m
36 notice Changelog: [36mhttps://github.com/npm/cli/releases/tag/v10.5.0[39m
36 notice Run [32mnpm install -g npm@10.5.0[39m to update!
36 notice
37 verbose exit 3221225786
38 timing npm Completed in 175718ms
39 verbose code 3221225786
